<html>
<head>
<title>TestNG:  Login and Register Tests</title>
<link href="../testng.css" rel="stylesheet" type="text/css" />
<link href="../my-testng.css" rel="stylesheet" type="text/css" />

<style type="text/css">
.log { display: none;} 
.stack-trace { display: none;} 
</style>
<script type="text/javascript">
<!--
function flip(e) {
  current = e.style.display;
  if (current == 'block') {
    e.style.display = 'none';
    return 0;
  }
  else {
    e.style.display = 'block';
    return 1;
  }
}

function toggleBox(szDivId, elem, msg1, msg2)
{
  var res = -1;  if (document.getElementById) {
    res = flip(document.getElementById(szDivId));
  }
  else if (document.all) {
    // this is the way old msie versions work
    res = flip(document.all[szDivId]);
  }
  if(elem) {
    if(res == 0) elem.innerHTML = msg1; else elem.innerHTML = msg2;
  }

}

function toggleAllBoxes() {
  if (document.getElementsByTagName) {
    d = document.getElementsByTagName('div');
    for (i = 0; i < d.length; i++) {
      if (d[i].className == 'log') {
        flip(d[i]);
      }
    }
  }
}

// -->
</script>

</head>
<body>
<h2 align='center'>Login and Register Tests</h2><table border='1' align="center">
<tr>
<td>Tests passed/Failed/Skipped:</td><td>16/1/0</td>
</tr><tr>
<td>Started on:</td><td>Mon Feb 17 11:08:09 IST 2025</td>
</tr>
<tr><td>Total time:</td><td>188 seconds (188050 ms)</td>
</tr><tr>
<td>Included groups:</td><td></td>
</tr><tr>
<td>Excluded groups:</td><td></td>
</tr>
</table><p/>
<small><i>(Hover the method name to see the test class name)</i></small><p/>
<table width='100%' border='1' class='invocation-failed'>
<tr><td colspan='4' align='center'><b>FAILED TESTS</b></td></tr>
<tr><td><b>Test method</b></td>
<td><b>Attribute(s)</b></td>
<td width="30%"><b>Exception</b></td>
<td width="10%"><b>Time (seconds)</b></td>
<td><b>Instance</b></td>
</tr>
<tr>
<td title='TutorialNinja.checkout.testCheckout()'><b>testCheckout</b><br>Test class: TutorialNinja.checkout<br>Parameters: MacBook Pro, 1.0, WELCOME5, USA, Texas, 75001.0, GIFT50</td>
<td><div><pre>org.openqa.selenium.ElementClickInterceptedException: element click intercepted: Element &lt;a href=&quot;#collapse-voucher&quot; data-toggle=&quot;collapse&quot; data-parent=&quot;#accordion&quot; class=&quot;accordion-toggle collapsed&quot; aria-expanded=&quot;false&quot;&gt;...&lt;/a&gt; is not clickable at point (281, 526). Other element would receive the click: &lt;div id=&quot;modal-shipping&quot; class=&quot;modal in&quot; style=&quot;display: block; padding-right: 17px;&quot;&gt;...&lt;/div&gt;
  (Session info: chrome=132.0.6834.197)
Build info: version: &apos;4.28.1&apos;, revision: &apos;73f5ad48a2&apos;
System info: os.name: &apos;Windows 11&apos;, os.arch: &apos;amd64&apos;, os.version: &apos;10.0&apos;, java.version: &apos;21.0.1&apos;
Driver info: org.openqa.selenium.chrome.ChromeDriver
Command: [3254deedcfb83b9a5b544a993cad36cc, clickElement {id=f.5CA7E2AF7DCA4E32583F19DC5F5D02D1.d.EC20BE8860C928D0E661D89DA6808625.e.132}]
Capabilities {acceptInsecureCerts: false, browserName: chrome, browserVersion: 132.0.6834.197, chrome: {chromedriverVersion: 132.0.6834.159 (2d77d3fc445..., userDataDir: C:\Users\taffa\AppData\Loca...}, fedcm:accounts: true, goog:chromeOptions: {debuggerAddress: localhost:50550}, networkConnectionEnabled: false, pageLoadStrategy: normal, platformName: windows, proxy: Proxy(), se:cdp: ws://localhost:50550/devtoo..., se:cdpVersion: 132.0.6834.197, setWindowRect: true, strictFileInteractability: false, timeouts: {implicit: 0, pageLoad: 300000, script: 30000}, unhandledPromptBehavior: dismiss and notify, webauthn:extension:credBlob: true, webauthn:extension:largeBlob: true, webauthn:extension:minPinLength: true, webauthn:extension:prf: true, webauthn:virtualAuthenticators: true}
Element: [[ChromeDriver: chrome on windows (3254deedcfb83b9a5b544a993cad36cc)] -&gt; link text: Use Gift Certificate]
Session ID: 3254deedcfb83b9a5b544a993cad36cc
	at org.openqa.selenium.remote.ErrorCodec.decode(ErrorCodec.java:167)
	at org.openqa.selenium.remote.codec.w3c.W3CHttpResponseCodec.decode(W3CHttpResponseCodec.java:138)
	at org.openqa.selenium.remote.codec.w3c.W3CHttpResponseCodec.decode(W3CHttpResponseCodec.java:50)
	at org.openqa.selenium.remote.HttpCommandExecutor.execute(HttpCommandExecutor.java:215)
	at org.openqa.selenium.remote.service.DriverCommandExecutor.invokeExecute(DriverCommandExecutor.java:216)
	at org.openqa.selenium.remote.service.DriverCommandExecutor.execute(DriverCommandExecutor.java:174)
	at org.openqa.selenium.remote.RemoteWebDriver.execute(RemoteWebDriver.java:545)
	at org.openqa.selenium.remote.RemoteWebElement.execute(RemoteWebElement.java:223)
	at org.openqa.selenium.remote.RemoteWebElement.click(RemoteWebElement.java:76)
	at TutorialNinja.checkout.testCheckout(checkout.java:42)
	at java.base/java.util.ArrayList.forEach(ArrayList.java:1596)
... Removed 28 stack frames</pre></div><a href='#' onClick='toggleBox("stack-trace421481829", this, "Click to show all stack frames", "Click to hide stack frames")'>Click to show all stack frames</a>
<div class='stack-trace' id='stack-trace421481829'><pre>org.openqa.selenium.ElementClickInterceptedException: element click intercepted: Element &lt;a href=&quot;#collapse-voucher&quot; data-toggle=&quot;collapse&quot; data-parent=&quot;#accordion&quot; class=&quot;accordion-toggle collapsed&quot; aria-expanded=&quot;false&quot;&gt;...&lt;/a&gt; is not clickable at point (281, 526). Other element would receive the click: &lt;div id=&quot;modal-shipping&quot; class=&quot;modal in&quot; style=&quot;display: block; padding-right: 17px;&quot;&gt;...&lt;/div&gt;
  (Session info: chrome=132.0.6834.197)
Build info: version: &apos;4.28.1&apos;, revision: &apos;73f5ad48a2&apos;
System info: os.name: &apos;Windows 11&apos;, os.arch: &apos;amd64&apos;, os.version: &apos;10.0&apos;, java.version: &apos;21.0.1&apos;
Driver info: org.openqa.selenium.chrome.ChromeDriver
Command: [3254deedcfb83b9a5b544a993cad36cc, clickElement {id=f.5CA7E2AF7DCA4E32583F19DC5F5D02D1.d.EC20BE8860C928D0E661D89DA6808625.e.132}]
Capabilities {acceptInsecureCerts: false, browserName: chrome, browserVersion: 132.0.6834.197, chrome: {chromedriverVersion: 132.0.6834.159 (2d77d3fc445..., userDataDir: C:\Users\taffa\AppData\Loca...}, fedcm:accounts: true, goog:chromeOptions: {debuggerAddress: localhost:50550}, networkConnectionEnabled: false, pageLoadStrategy: normal, platformName: windows, proxy: Proxy(), se:cdp: ws://localhost:50550/devtoo..., se:cdpVersion: 132.0.6834.197, setWindowRect: true, strictFileInteractability: false, timeouts: {implicit: 0, pageLoad: 300000, script: 30000}, unhandledPromptBehavior: dismiss and notify, webauthn:extension:credBlob: true, webauthn:extension:largeBlob: true, webauthn:extension:minPinLength: true, webauthn:extension:prf: true, webauthn:virtualAuthenticators: true}
Element: [[ChromeDriver: chrome on windows (3254deedcfb83b9a5b544a993cad36cc)] -&gt; link text: Use Gift Certificate]
Session ID: 3254deedcfb83b9a5b544a993cad36cc
	at java.base/jdk.internal.reflect.DirectConstructorHandleAccessor.newInstance(DirectConstructorHandleAccessor.java:62)
	at java.base/java.lang.reflect.Constructor.newInstanceWithCaller(Constructor.java:502)
	at java.base/java.lang.reflect.Constructor.newInstance(Constructor.java:486)
	at org.openqa.selenium.remote.ErrorCodec.decode(ErrorCodec.java:167)
	at org.openqa.selenium.remote.codec.w3c.W3CHttpResponseCodec.decode(W3CHttpResponseCodec.java:138)
	at org.openqa.selenium.remote.codec.w3c.W3CHttpResponseCodec.decode(W3CHttpResponseCodec.java:50)
	at org.openqa.selenium.remote.HttpCommandExecutor.execute(HttpCommandExecutor.java:215)
	at org.openqa.selenium.remote.service.DriverCommandExecutor.invokeExecute(DriverCommandExecutor.java:216)
	at org.openqa.selenium.remote.service.DriverCommandExecutor.execute(DriverCommandExecutor.java:174)
	at org.openqa.selenium.remote.RemoteWebDriver.execute(RemoteWebDriver.java:545)
	at org.openqa.selenium.remote.RemoteWebElement.execute(RemoteWebElement.java:223)
	at org.openqa.selenium.remote.RemoteWebElement.click(RemoteWebElement.java:76)
	at TutorialNinja.checkout.testCheckout(checkout.java:42)
	at java.base/jdk.internal.reflect.DirectMethodHandleAccessor.invoke(DirectMethodHandleAccessor.java:103)
	at java.base/java.lang.reflect.Method.invoke(Method.java:580)
	at org.testng.internal.invokers.MethodInvocationHelper.invokeMethod(MethodInvocationHelper.java:139)
	at org.testng.internal.invokers.TestInvoker.invokeMethod(TestInvoker.java:677)
	at org.testng.internal.invokers.TestInvoker.invokeTestMethod(TestInvoker.java:221)
	at org.testng.internal.invokers.MethodRunner.runInSequence(MethodRunner.java:50)
	at org.testng.internal.invokers.TestInvoker$MethodInvocationAgent.invoke(TestInvoker.java:969)
	at org.testng.internal.invokers.TestInvoker.invokeTestMethods(TestInvoker.java:194)
	at org.testng.internal.invokers.TestMethodWorker.invokeTestMethods(TestMethodWorker.java:148)
	at org.testng.internal.invokers.TestMethodWorker.run(TestMethodWorker.java:128)
	at java.base/java.util.ArrayList.forEach(ArrayList.java:1596)
	at org.testng.TestRunner.privateRun(TestRunner.java:829)
	at org.testng.TestRunner.run(TestRunner.java:602)
	at org.testng.SuiteRunner.runTest(SuiteRunner.java:437)
	at org.testng.SuiteRunner.runSequentially(SuiteRunner.java:431)
	at org.testng.SuiteRunner.privateRun(SuiteRunner.java:391)
	at org.testng.SuiteRunner.run(SuiteRunner.java:330)
	at org.testng.SuiteRunnerWorker.runSuite(SuiteRunnerWorker.java:52)
	at org.testng.SuiteRunnerWorker.run(SuiteRunnerWorker.java:95)
	at org.testng.TestNG.runSuitesSequentially(TestNG.java:1256)
	at org.testng.TestNG.runSuitesLocally(TestNG.java:1176)
	at org.testng.TestNG.runSuites(TestNG.java:1099)
	at org.testng.TestNG.run(TestNG.java:1067)
	at org.testng.remote.AbstractRemoteTestNG.run(AbstractRemoteTestNG.java:115)
	at org.testng.remote.RemoteTestNG.initAndRun(RemoteTestNG.java:293)
	at org.testng.remote.RemoteTestNG.main(RemoteTestNG.java:91)
</pre></div></td>
<td>15</td>
<td>TutorialNinja.checkout@4d9ac0b4</td></tr>
</table><p>
<table width='100%' border='1' class='invocation-passed'>
<tr><td colspan='4' align='center'><b>PASSED TESTS</b></td></tr>
<tr><td><b>Test method</b></td>
<td><b>Attribute(s)</b></td>
<td width="30%"><b>Exception</b></td>
<td width="10%"><b>Time (seconds)</b></td>
<td><b>Instance</b></td>
</tr>
<tr>
<td title='TutorialNinja.Login.testLogin()'><b>testLogin</b><br>Test class: TutorialNinja.Login<br>Parameters: Ansari001, password001</td>
<td></td>
<td>2</td>
<td>TutorialNinja.Login@2250b9f2</td></tr>
<tr>
<td title='TutorialNinja.wishlist.testWishList()'><b>testWishList</b><br>Test class: TutorialNinja.wishlist<br>Parameters: Apple cinema 30</td>
<td></td>
<td>7</td>
<td>TutorialNinja.wishlist@62727399</td></tr>
<tr>
<td title='TutorialNinja.Register.testRegister()'><b>testRegister</b><br>Test class: TutorialNinja.Register<br>Parameters: Taffazul, Ansari, taffazulansari@gmail.com, 7.979047741E9, password123, password123</td>
<td></td>
<td>4</td>
<td>TutorialNinja.Register@4df5bcb4</td></tr>
<tr>
<td title='TutorialNinja.Register.testRegister()'><b>testRegister</b><br>Test class: TutorialNinja.Register<br>Parameters: Merab, Sk, HeyItsMerab@gmail.com, 9.87654321E9, sk456, sk456</td>
<td></td>
<td>4</td>
<td>TutorialNinja.Register@4df5bcb4</td></tr>
<tr>
<td title='TutorialNinja.wishlist.testWishList()'><b>testWishList</b><br>Test class: TutorialNinja.wishlist<br>Parameters: iPhone</td>
<td></td>
<td>6</td>
<td>TutorialNinja.wishlist@62727399</td></tr>
<tr>
<td title='TutorialNinja.Register.testRegister()'><b>testRegister</b><br>Test class: TutorialNinja.Register<br>Parameters: Rahul, kr, Rahulkr@gmail.com, 7.795827177E9, testPass789, testPass789</td>
<td></td>
<td>3</td>
<td>TutorialNinja.Register@4df5bcb4</td></tr>
<tr>
<td title='TutorialNinja.checkout.testCheckout()'><b>testCheckout</b><br>Test class: TutorialNinja.checkout<br>Parameters: iPhone , 2.0, SAVE10, India, Bihar, 800001.0, GIFT7979</td>
<td></td>
<td>18</td>
<td>TutorialNinja.checkout@4d9ac0b4</td></tr>
<tr>
<td title='TutorialNinja.search.testCart()'><b>testCart</b><br>Test class: TutorialNinja.search<br>Parameters: Camera</td>
<td></td>
<td>9</td>
<td>TutorialNinja.search@13d9b21f</td></tr>
<tr>
<td title='TutorialNinja.Login.testLogin()'><b>testLogin</b><br>Test class: TutorialNinja.Login<br>Parameters: Taffazul05, password205</td>
<td></td>
<td>2</td>
<td>TutorialNinja.Login@2250b9f2</td></tr>
<tr>
<td title='TutorialNinja.search.testCart()'><b>testCart</b><br>Test class: TutorialNinja.search<br>Parameters: Laptop</td>
<td></td>
<td>2</td>
<td>TutorialNinja.search@13d9b21f</td></tr>
<tr>
<td title='TutorialNinja.Cart.testCart()'><b>testCart</b><br>Test class: TutorialNinja.Cart<br>Parameters: iPhone, 2</td>
<td></td>
<td>4</td>
<td>TutorialNinja.Cart@12c7a01b</td></tr>
<tr>
<td title='TutorialNinja.search.testCart()'><b>testCart</b><br>Test class: TutorialNinja.search<br>Parameters: iPhone</td>
<td></td>
<td>2</td>
<td>TutorialNinja.search@13d9b21f</td></tr>
<tr>
<td title='TutorialNinja.shoppingcart.testShoppingCart()'><b>testShoppingCart</b><br>Test class: TutorialNinja.shoppingcart<br>Parameters: iPhone</td>
<td></td>
<td>1</td>
<td>TutorialNinja.shoppingcart@2826f61</td></tr>
<tr>
<td title='TutorialNinja.Cart.testCart()'><b>testCart</b><br>Test class: TutorialNinja.Cart<br>Parameters: Canon EOS 5D, 1</td>
<td></td>
<td>3</td>
<td>TutorialNinja.Cart@12c7a01b</td></tr>
<tr>
<td title='TutorialNinja.Cart.testCart()'><b>testCart</b><br>Test class: TutorialNinja.Cart<br>Parameters: MacBook, 1</td>
<td></td>
<td>2</td>
<td>TutorialNinja.Cart@12c7a01b</td></tr>
<tr>
<td title='TutorialNinja.Login.testLogin()'><b>testLogin</b><br>Test class: TutorialNinja.Login<br>Parameters: Taffazul01, password123</td>
<td></td>
<td>3</td>
<td>TutorialNinja.Login@2250b9f2</td></tr>
</table><p>
</body>
</html>