<?xml version="1.0" encoding="UTF-8"?>
<!-- Generated by org.testng.reporters.JUnitXMLReporter -->
<testsuite ignored="0" hostname="HP-Pavilion-GTX" failures="1" tests="17" name="Login and Register Tests" time="188.05" errors="0" timestamp="2025-02-17T11:11:17 IST">
  <testcase classname="TutorialNinja.Login" name="testLogin" time="3.97"/>
  <testcase classname="TutorialNinja.Login" name="testLogin" time="2.78"/>
  <testcase classname="TutorialNinja.Login" name="testLogin" time="2.742"/>
  <testcase classname="TutorialNinja.Register" name="testRegister" time="4.133"/>
  <testcase classname="TutorialNinja.Register" name="testRegister" time="4.058"/>
  <testcase classname="TutorialNinja.Register" name="testRegister" time="3.508"/>
  <testcase classname="TutorialNinja.Cart" name="testCart" time="2.895"/>
  <testcase classname="TutorialNinja.Cart" name="testCart" time="4.128"/>
  <testcase classname="TutorialNinja.Cart" name="testCart" time="3.907"/>
  <testcase classname="TutorialNinja.search" name="testCart" time="2.279"/>
  <testcase classname="TutorialNinja.search" name="testCart" time="2.488"/>
  <testcase classname="TutorialNinja.search" name="testCart" time="9.63"/>
  <testcase classname="TutorialNinja.shoppingcart" name="testShoppingCart" time="1.785"/>
  <testcase classname="TutorialNinja.wishlist" name="testWishList" time="6.827"/>
  <testcase classname="TutorialNinja.wishlist" name="testWishList" time="7.465"/>
  <testcase classname="TutorialNinja.checkout" name="testCheckout" time="18.986"/>
  <testcase classname="TutorialNinja.checkout" name="testCheckout" time="15.946">
    <failure type="org.openqa.selenium.ElementClickInterceptedException" message="element click intercepted: Element &amp;lt;a href=&amp;quot;#collapse-voucher&amp;quot; data-toggle=&amp;quot;collapse&amp;quot; data-parent=&amp;quot;#accordion&amp;quot; class=&amp;quot;accordion-toggle collapsed&amp;quot; aria-expanded=&amp;quot;false&amp;quot;&amp;gt;...&amp;lt;/a&amp;gt; is not clickable at point (281, 526). Other element would receive the click: &amp;lt;div id=&amp;quot;modal-shipping&amp;quot; class=&amp;quot;modal in&amp;quot; style=&amp;quot;display: block; padding-right: 17px;&amp;quot;&amp;gt;...&amp;lt;/div&amp;gt;
  (Session info: chrome=132.0.6834.197)
Build info: version: &amp;apos;4.28.1&amp;apos;, revision: &amp;apos;73f5ad48a2&amp;apos;
System info: os.name: &amp;apos;Windows 11&amp;apos;, os.arch: &amp;apos;amd64&amp;apos;, os.version: &amp;apos;10.0&amp;apos;, java.version: &amp;apos;21.0.1&amp;apos;
Driver info: org.openqa.selenium.chrome.ChromeDriver
Command: [3254deedcfb83b9a5b544a993cad36cc, clickElement {id=f.5CA7E2AF7DCA4E32583F19DC5F5D02D1.d.EC20BE8860C928D0E661D89DA6808625.e.132}]
Capabilities {acceptInsecureCerts: false, browserName: chrome, browserVersion: 132.0.6834.197, chrome: {chromedriverVersion: 132.0.6834.159 (2d77d3fc445..., userDataDir: C:\Users\taffa\AppData\Loca...}, fedcm:accounts: true, goog:chromeOptions: {debuggerAddress: localhost:50550}, networkConnectionEnabled: false, pageLoadStrategy: normal, platformName: windows, proxy: Proxy(), se:cdp: ws://localhost:50550/devtoo..., se:cdpVersion: 132.0.6834.197, setWindowRect: true, strictFileInteractability: false, timeouts: {implicit: 0, pageLoad: 300000, script: 30000}, unhandledPromptBehavior: dismiss and notify, webauthn:extension:credBlob: true, webauthn:extension:largeBlob: true, webauthn:extension:minPinLength: true, webauthn:extension:prf: true, webauthn:virtualAuthenticators: true}
Element: [[ChromeDriver: chrome on windows (3254deedcfb83b9a5b544a993cad36cc)] -&amp;gt; link text: Use Gift Certificate]
Session ID: 3254deedcfb83b9a5b544a993cad36cc">
      <![CDATA[org.openqa.selenium.ElementClickInterceptedException: element click intercepted: Element <a href="#collapse-voucher" data-toggle="collapse" data-parent="#accordion" class="accordion-toggle collapsed" aria-expanded="false">...</a> is not clickable at point (281, 526). Other element would receive the click: <div id="modal-shipping" class="modal in" style="display: block; padding-right: 17px;">...</div>
  (Session info: chrome=132.0.6834.197)
Build info: version: '4.28.1', revision: '73f5ad48a2'
System info: os.name: 'Windows 11', os.arch: 'amd64', os.version: '10.0', java.version: '21.0.1'
Driver info: org.openqa.selenium.chrome.ChromeDriver
Command: [3254deedcfb83b9a5b544a993cad36cc, clickElement {id=f.5CA7E2AF7DCA4E32583F19DC5F5D02D1.d.EC20BE8860C928D0E661D89DA6808625.e.132}]
Capabilities {acceptInsecureCerts: false, browserName: chrome, browserVersion: 132.0.6834.197, chrome: {chromedriverVersion: 132.0.6834.159 (2d77d3fc445..., userDataDir: C:\Users\taffa\AppData\Loca...}, fedcm:accounts: true, goog:chromeOptions: {debuggerAddress: localhost:50550}, networkConnectionEnabled: false, pageLoadStrategy: normal, platformName: windows, proxy: Proxy(), se:cdp: ws://localhost:50550/devtoo..., se:cdpVersion: 132.0.6834.197, setWindowRect: true, strictFileInteractability: false, timeouts: {implicit: 0, pageLoad: 300000, script: 30000}, unhandledPromptBehavior: dismiss and notify, webauthn:extension:credBlob: true, webauthn:extension:largeBlob: true, webauthn:extension:minPinLength: true, webauthn:extension:prf: true, webauthn:virtualAuthenticators: true}
Element: [[ChromeDriver: chrome on windows (3254deedcfb83b9a5b544a993cad36cc)] -> link text: Use Gift Certificate]
Session ID: 3254deedcfb83b9a5b544a993cad36cc
at org.openqa.selenium.remote.ErrorCodec.decode(ErrorCodec.java:167)
at org.openqa.selenium.remote.codec.w3c.W3CHttpResponseCodec.decode(W3CHttpResponseCodec.java:138)
at org.openqa.selenium.remote.codec.w3c.W3CHttpResponseCodec.decode(W3CHttpResponseCodec.java:50)
at org.openqa.selenium.remote.HttpCommandExecutor.execute(HttpCommandExecutor.java:215)
at org.openqa.selenium.remote.service.DriverCommandExecutor.invokeExecute(DriverCommandExecutor.java:216)
at org.openqa.selenium.remote.service.DriverCommandExecutor.execute(DriverCommandExecutor.java:174)
at org.openqa.selenium.remote.RemoteWebDriver.execute(RemoteWebDriver.java:545)
at org.openqa.selenium.remote.RemoteWebElement.execute(RemoteWebElement.java:223)
at org.openqa.selenium.remote.RemoteWebElement.click(RemoteWebElement.java:76)
at TutorialNinja.checkout.testCheckout(checkout.java:42)
at java.base/java.util.ArrayList.forEach(ArrayList.java:1596)
... Removed 28 stack frames]]>
    </failure>
  </testcase> <!-- testCheckout -->
</testsuite> <!-- Login and Register Tests -->
